2024/04/20 18:49:56 main.go:15: test
2024/04/21 22:58:09 todos.go:49: near "todos": syntax error
2024/04/22 12:19:57 todos.go:74: no such column: created
2024/04/22 12:26:44 todos.go:100: near "where": syntax error
2024/04/28 16:24:25 server.go:3413: http: panic serving 127.0.0.1:52906: open app/views/template/layout.html: The system cannot find the path specified.
goroutine 7 [running]:
net/http.(*conn).serve.func1()
	C:/Program Files (x86)/Go/src/net/http/server.go:1898 +0xd4
panic({0x5f9020, 0x1984060})
	C:/Program Files (x86)/Go/src/runtime/panic.go:770 +0xf6
html/template.Must(...)
	C:/Program Files (x86)/Go/src/html/template/template.go:368
Go-todoapp/app/models/controllers.generateHTML({0x6b97dc, 0x19a21e8}, {0x5d2ee0, 0x6b6e90}, {0x1859cf8, 0x2, 0x2})
	C:/Users/Kasshii/Desktop/Go app/Go-todoapp/app/models/controllers/server.go:16 +0x1e4
Go-todoapp/app/models/controllers.top({0x6b97dc, 0x19a21e8}, 0x19008c8)
	C:/Users/Kasshii/Desktop/Go app/Go-todoapp/app/models/controllers/route_main.go:8 +0x9b
net/http.HandlerFunc.ServeHTTP(0x64c6b8, {0x6b97dc, 0x19a21e8}, 0x19008c8)
	C:/Program Files (x86)/Go/src/net/http/server.go:2166 +0x32
net/http.(*ServeMux).ServeHTTP(0x8d1ea0, {0x6b97dc, 0x19a21e8}, 0x19008c8)
	C:/Program Files (x86)/Go/src/net/http/server.go:2683 +0x1f7
net/http.serverHandler.ServeHTTP({0x1900828}, {0x6b97dc, 0x19a21e8}, 0x19008c8)
	C:/Program Files (x86)/Go/src/net/http/server.go:3137 +0x97
net/http.(*conn).serve(0x1800ba0, {0x6b9a90, 0x1860408})
	C:/Program Files (x86)/Go/src/net/http/server.go:2039 +0x629
created by net/http.(*Server).Serve in goroutine 1
	C:/Program Files (x86)/Go/src/net/http/server.go:3285 +0x460
2024/04/28 16:24:25 server.go:3413: http: panic serving 127.0.0.1:52907: open app/views/template/layout.html: The system cannot find the path specified.
goroutine 18 [running]:
net/http.(*conn).serve.func1()
	C:/Program Files (x86)/Go/src/net/http/server.go:1898 +0xd4
panic({0x5f9020, 0x1860480})
	C:/Program Files (x86)/Go/src/runtime/panic.go:770 +0xf6
html/template.Must(...)
	C:/Program Files (x86)/Go/src/html/template/template.go:368
Go-todoapp/app/models/controllers.generateHTML({0x6b97dc, 0x1900968}, {0x5d2ee0, 0x6b6e90}, {0x1853cf8, 0x2, 0x2})
	C:/Users/Kasshii/Desktop/Go app/Go-todoapp/app/models/controllers/server.go:16 +0x1e4
Go-todoapp/app/models/controllers.top({0x6b97dc, 0x1900968}, 0x19a2008)
	C:/Users/Kasshii/Desktop/Go app/Go-todoapp/app/models/controllers/route_main.go:8 +0x9b
net/http.HandlerFunc.ServeHTTP(0x64c6b8, {0x6b97dc, 0x1900968}, 0x19a2008)
	C:/Program Files (x86)/Go/src/net/http/server.go:2166 +0x32
net/http.(*ServeMux).ServeHTTP(0x8d1ea0, {0x6b97dc, 0x1900968}, 0x19a2008)
	C:/Program Files (x86)/Go/src/net/http/server.go:2683 +0x1f7
net/http.serverHandler.ServeHTTP({0x1900828}, {0x6b97dc, 0x1900968}, 0x19a2008)
	C:/Program Files (x86)/Go/src/net/http/server.go:3137 +0x97
net/http.(*conn).serve(0x1988000, {0x6b9a90, 0x1860408})
	C:/Program Files (x86)/Go/src/net/http/server.go:2039 +0x629
created by net/http.(*Server).Serve in goroutine 1
	C:/Program Files (x86)/Go/src/net/http/server.go:3285 +0x460
2024/04/28 16:24:25 server.go:3413: http: panic serving 127.0.0.1:52908: open app/views/template/layout.html: The system cannot find the path specified.
goroutine 9 [running]:
net/http.(*conn).serve.func1()
	C:/Program Files (x86)/Go/src/net/http/server.go:1898 +0xd4
panic({0x5f9020, 0x1984090})
	C:/Program Files (x86)/Go/src/runtime/panic.go:770 +0xf6
html/template.Must(...)
	C:/Program Files (x86)/Go/src/html/template/template.go:368
Go-todoapp/app/models/controllers.generateHTML({0x6b97dc, 0x19a23c8}, {0x5d2ee0, 0x6b6e90}, {0x1855cf8, 0x2, 0x2})
	C:/Users/Kasshii/Desktop/Go app/Go-todoapp/app/models/controllers/server.go:16 +0x1e4
Go-todoapp/app/models/controllers.top({0x6b97dc, 0x19a23c8}, 0x19a2328)
	C:/Users/Kasshii/Desktop/Go app/Go-todoapp/app/models/controllers/route_main.go:8 +0x9b
net/http.HandlerFunc.ServeHTTP(0x64c6b8, {0x6b97dc, 0x19a23c8}, 0x19a2328)
	C:/Program Files (x86)/Go/src/net/http/server.go:2166 +0x32
net/http.(*ServeMux).ServeHTTP(0x8d1ea0, {0x6b97dc, 0x19a23c8}, 0x19a2328)
	C:/Program Files (x86)/Go/src/net/http/server.go:2683 +0x1f7
net/http.serverHandler.ServeHTTP({0x1900828}, {0x6b97dc, 0x19a23c8}, 0x19a2328)
	C:/Program Files (x86)/Go/src/net/http/server.go:3137 +0x97
net/http.(*conn).serve(0x1800c00, {0x6b9a90, 0x1860408})
	C:/Program Files (x86)/Go/src/net/http/server.go:2039 +0x629
created by net/http.(*Server).Serve in goroutine 1
	C:/Program Files (x86)/Go/src/net/http/server.go:3285 +0x460
2024/04/28 16:24:26 server.go:3413: http: panic serving 127.0.0.1:52910: open app/views/template/layout.html: The system cannot find the path specified.
goroutine 21 [running]:
net/http.(*conn).serve.func1()
	C:/Program Files (x86)/Go/src/net/http/server.go:1898 +0xd4
panic({0x5f9020, 0x19840f0})
	C:/Program Files (x86)/Go/src/runtime/panic.go:770 +0xf6
html/template.Must(...)
	C:/Program Files (x86)/Go/src/html/template/template.go:368
Go-todoapp/app/models/controllers.generateHTML({0x6b97dc, 0x19a2508}, {0x5d2ee0, 0x6b6e90}, {0x1853cf8, 0x2, 0x2})
	C:/Users/Kasshii/Desktop/Go app/Go-todoapp/app/models/controllers/server.go:16 +0x1e4
Go-todoapp/app/models/controllers.top({0x6b97dc, 0x19a2508}, 0x1900a08)
	C:/Users/Kasshii/Desktop/Go app/Go-todoapp/app/models/controllers/route_main.go:8 +0x9b
net/http.HandlerFunc.ServeHTTP(0x64c6b8, {0x6b97dc, 0x19a2508}, 0x1900a08)
	C:/Program Files (x86)/Go/src/net/http/server.go:2166 +0x32
net/http.(*ServeMux).ServeHTTP(0x8d1ea0, {0x6b97dc, 0x19a2508}, 0x1900a08)
	C:/Program Files (x86)/Go/src/net/http/server.go:2683 +0x1f7
net/http.serverHandler.ServeHTTP({0x1900828}, {0x6b97dc, 0x19a2508}, 0x1900a08)
	C:/Program Files (x86)/Go/src/net/http/server.go:3137 +0x97
net/http.(*conn).serve(0x1988060, {0x6b9a90, 0x1860408})
	C:/Program Files (x86)/Go/src/net/http/server.go:2039 +0x629
created by net/http.(*Server).Serve in goroutine 1
	C:/Program Files (x86)/Go/src/net/http/server.go:3285 +0x460
2024/04/28 16:24:26 server.go:3413: http: panic serving 127.0.0.1:52911: open app/views/template/layout.html: The system cannot find the path specified.
goroutine 10 [running]:
net/http.(*conn).serve.func1()
	C:/Program Files (x86)/Go/src/net/http/server.go:1898 +0xd4
panic({0x5f9020, 0x1984108})
	C:/Program Files (x86)/Go/src/runtime/panic.go:770 +0xf6
html/template.Must(...)
	C:/Program Files (x86)/Go/src/html/template/template.go:368
Go-todoapp/app/models/controllers.generateHTML({0x6b97dc, 0x19a25a8}, {0x5d2ee0, 0x6b6e90}, {0x1855cf8, 0x2, 0x2})
	C:/Users/Kasshii/Desktop/Go app/Go-todoapp/app/models/controllers/server.go:16 +0x1e4
Go-todoapp/app/models/controllers.top({0x6b97dc, 0x19a25a8}, 0x19a2468)
	C:/Users/Kasshii/Desktop/Go app/Go-todoapp/app/models/controllers/route_main.go:8 +0x9b
net/http.HandlerFunc.ServeHTTP(0x64c6b8, {0x6b97dc, 0x19a25a8}, 0x19a2468)
	C:/Program Files (x86)/Go/src/net/http/server.go:2166 +0x32
net/http.(*ServeMux).ServeHTTP(0x8d1ea0, {0x6b97dc, 0x19a25a8}, 0x19a2468)
	C:/Program Files (x86)/Go/src/net/http/server.go:2683 +0x1f7
net/http.serverHandler.ServeHTTP({0x1900828}, {0x6b97dc, 0x19a25a8}, 0x19a2468)
	C:/Program Files (x86)/Go/src/net/http/server.go:3137 +0x97
net/http.(*conn).serve(0x1800c60, {0x6b9a90, 0x1860408})
	C:/Program Files (x86)/Go/src/net/http/server.go:2039 +0x629
created by net/http.(*Server).Serve in goroutine 1
	C:/Program Files (x86)/Go/src/net/http/server.go:3285 +0x460
2024/04/28 16:24:26 server.go:3413: http: panic serving 127.0.0.1:52912: open app/views/template/layout.html: The system cannot find the path specified.
goroutine 24 [running]:
net/http.(*conn).serve.func1()
	C:/Program Files (x86)/Go/src/net/http/server.go:1898 +0xd4
panic({0x5f9020, 0x1984150})
	C:/Program Files (x86)/Go/src/runtime/panic.go:770 +0xf6
html/template.Must(...)
	C:/Program Files (x86)/Go/src/html/template/template.go:368
Go-todoapp/app/models/controllers.generateHTML({0x6b97dc, 0x19a2648}, {0x5d2ee0, 0x6b6e90}, {0x1859cf8, 0x2, 0x2})
	C:/Users/Kasshii/Desktop/Go app/Go-todoapp/app/models/controllers/server.go:16 +0x1e4
Go-todoapp/app/models/controllers.top({0x6b97dc, 0x19a2648}, 0x1900aa8)
	C:/Users/Kasshii/Desktop/Go app/Go-todoapp/app/models/controllers/route_main.go:8 +0x9b
net/http.HandlerFunc.ServeHTTP(0x64c6b8, {0x6b97dc, 0x19a2648}, 0x1900aa8)
	C:/Program Files (x86)/Go/src/net/http/server.go:2166 +0x32
net/http.(*ServeMux).ServeHTTP(0x8d1ea0, {0x6b97dc, 0x19a2648}, 0x1900aa8)
	C:/Program Files (x86)/Go/src/net/http/server.go:2683 +0x1f7
net/http.serverHandler.ServeHTTP({0x1900828}, {0x6b97dc, 0x19a2648}, 0x1900aa8)
	C:/Program Files (x86)/Go/src/net/http/server.go:3137 +0x97
net/http.(*conn).serve(0x19880c0, {0x6b9a90, 0x1860408})
	C:/Program Files (x86)/Go/src/net/http/server.go:2039 +0x629
created by net/http.(*Server).Serve in goroutine 1
	C:/Program Files (x86)/Go/src/net/http/server.go:3285 +0x460
2024/04/28 16:24:27 server.go:3413: http: panic serving 127.0.0.1:52913: open app/views/template/layout.html: The system cannot find the path specified.
goroutine 26 [running]:
net/http.(*conn).serve.func1()
	C:/Program Files (x86)/Go/src/net/http/server.go:1898 +0xd4
panic({0x5f9020, 0x1896018})
	C:/Program Files (x86)/Go/src/runtime/panic.go:770 +0xf6
html/template.Must(...)
	C:/Program Files (x86)/Go/src/html/template/template.go:368
Go-todoapp/app/models/controllers.generateHTML({0x6b97dc, 0x189e0a8}, {0x5d2ee0, 0x6b6e90}, {0x1891cf8, 0x2, 0x2})
	C:/Users/Kasshii/Desktop/Go app/Go-todoapp/app/models/controllers/server.go:16 +0x1e4
Go-todoapp/app/models/controllers.top({0x6b97dc, 0x189e0a8}, 0x189e008)
	C:/Users/Kasshii/Desktop/Go app/Go-todoapp/app/models/controllers/route_main.go:8 +0x9b
net/http.HandlerFunc.ServeHTTP(0x64c6b8, {0x6b97dc, 0x189e0a8}, 0x189e008)
	C:/Program Files (x86)/Go/src/net/http/server.go:2166 +0x32
net/http.(*ServeMux).ServeHTTP(0x8d1ea0, {0x6b97dc, 0x189e0a8}, 0x189e008)
	C:/Program Files (x86)/Go/src/net/http/server.go:2683 +0x1f7
net/http.serverHandler.ServeHTTP({0x1900828}, {0x6b97dc, 0x189e0a8}, 0x189e008)
	C:/Program Files (x86)/Go/src/net/http/server.go:3137 +0x97
net/http.(*conn).serve(0x1988120, {0x6b9a90, 0x1860408})
	C:/Program Files (x86)/Go/src/net/http/server.go:2039 +0x629
created by net/http.(*Server).Serve in goroutine 1
	C:/Program Files (x86)/Go/src/net/http/server.go:3285 +0x460
2024/04/28 16:24:31 server.go:3413: http: panic serving 127.0.0.1:52914: open app/views/template/layout.html: The system cannot find the path specified.
goroutine 27 [running]:
net/http.(*conn).serve.func1()
	C:/Program Files (x86)/Go/src/net/http/server.go:1898 +0xd4
panic({0x5f9020, 0x1896030})
	C:/Program Files (x86)/Go/src/runtime/panic.go:770 +0xf6
html/template.Must(...)
	C:/Program Files (x86)/Go/src/html/template/template.go:368
Go-todoapp/app/models/controllers.generateHTML({0x6b97dc, 0x189e1e8}, {0x5d2ee0, 0x6b6e90}, {0x188dcf8, 0x2, 0x2})
	C:/Users/Kasshii/Desktop/Go app/Go-todoapp/app/models/controllers/server.go:16 +0x1e4
Go-todoapp/app/models/controllers.top({0x6b97dc, 0x189e1e8}, 0x1900b48)
	C:/Users/Kasshii/Desktop/Go app/Go-todoapp/app/models/controllers/route_main.go:8 +0x9b
net/http.HandlerFunc.ServeHTTP(0x64c6b8, {0x6b97dc, 0x189e1e8}, 0x1900b48)
	C:/Program Files (x86)/Go/src/net/http/server.go:2166 +0x32
net/http.(*ServeMux).ServeHTTP(0x8d1ea0, {0x6b97dc, 0x189e1e8}, 0x1900b48)
	C:/Program Files (x86)/Go/src/net/http/server.go:2683 +0x1f7
net/http.serverHandler.ServeHTTP({0x1900828}, {0x6b97dc, 0x189e1e8}, 0x1900b48)
	C:/Program Files (x86)/Go/src/net/http/server.go:3137 +0x97
net/http.(*conn).serve(0x1988180, {0x6b9a90, 0x1860408})
	C:/Program Files (x86)/Go/src/net/http/server.go:2039 +0x629
created by net/http.(*Server).Serve in goroutine 1
	C:/Program Files (x86)/Go/src/net/http/server.go:3285 +0x460
2024/04/28 16:24:31 server.go:3413: http: panic serving 127.0.0.1:52916: open app/views/template/layout.html: The system cannot find the path specified.
goroutine 36 [running]:
net/http.(*conn).serve.func1()
	C:/Program Files (x86)/Go/src/net/http/server.go:1898 +0xd4
panic({0x5f9020, 0x1896078})
	C:/Program Files (x86)/Go/src/runtime/panic.go:770 +0xf6
html/template.Must(...)
	C:/Program Files (x86)/Go/src/html/template/template.go:368
Go-todoapp/app/models/controllers.generateHTML({0x6b97dc, 0x189e288}, {0x5d2ee0, 0x6b6e90}, {0x188fcf8, 0x2, 0x2})
	C:/Users/Kasshii/Desktop/Go app/Go-todoapp/app/models/controllers/server.go:16 +0x1e4
Go-todoapp/app/models/controllers.top({0x6b97dc, 0x189e288}, 0x1900be8)
	C:/Users/Kasshii/Desktop/Go app/Go-todoapp/app/models/controllers/route_main.go:8 +0x9b
net/http.HandlerFunc.ServeHTTP(0x64c6b8, {0x6b97dc, 0x189e288}, 0x1900be8)
	C:/Program Files (x86)/Go/src/net/http/server.go:2166 +0x32
net/http.(*ServeMux).ServeHTTP(0x8d1ea0, {0x6b97dc, 0x189e288}, 0x1900be8)
	C:/Program Files (x86)/Go/src/net/http/server.go:2683 +0x1f7
net/http.serverHandler.ServeHTTP({0x1900828}, {0x6b97dc, 0x189e288}, 0x1900be8)
	C:/Program Files (x86)/Go/src/net/http/server.go:3137 +0x97
net/http.(*conn).serve(0x18f0000, {0x6b9a90, 0x1860408})
	C:/Program Files (x86)/Go/src/net/http/server.go:2039 +0x629
created by net/http.(*Server).Serve in goroutine 1
	C:/Program Files (x86)/Go/src/net/http/server.go:3285 +0x460
2024/04/28 16:25:37 server.go:3413: http: panic serving 127.0.0.1:52948: open app/views/template/layout.html: The system cannot find the path specified.
goroutine 38 [running]:
net/http.(*conn).serve.func1()
	C:/Program Files (x86)/Go/src/net/http/server.go:1898 +0xd4
panic({0x5f9020, 0x19841f8})
	C:/Program Files (x86)/Go/src/runtime/panic.go:770 +0xf6
html/template.Must(...)
	C:/Program Files (x86)/Go/src/html/template/template.go:368
Go-todoapp/app/models/controllers.generateHTML({0x6b97dc, 0x19a2828}, {0x5d2ee0, 0x6b6e90}, {0x1859cf8, 0x2, 0x2})
	C:/Users/Kasshii/Desktop/Go app/Go-todoapp/app/models/controllers/server.go:16 +0x1e4
Go-todoapp/app/models/controllers.top({0x6b97dc, 0x19a2828}, 0x19a26e8)
	C:/Users/Kasshii/Desktop/Go app/Go-todoapp/app/models/controllers/route_main.go:8 +0x9b
net/http.HandlerFunc.ServeHTTP(0x64c6b8, {0x6b97dc, 0x19a2828}, 0x19a26e8)
	C:/Program Files (x86)/Go/src/net/http/server.go:2166 +0x32
net/http.(*ServeMux).ServeHTTP(0x8d1ea0, {0x6b97dc, 0x19a2828}, 0x19a26e8)
	C:/Program Files (x86)/Go/src/net/http/server.go:2683 +0x1f7
net/http.serverHandler.ServeHTTP({0x1900828}, {0x6b97dc, 0x19a2828}, 0x19a26e8)
	C:/Program Files (x86)/Go/src/net/http/server.go:3137 +0x97
net/http.(*conn).serve(0x18f0060, {0x6b9a90, 0x1860408})
	C:/Program Files (x86)/Go/src/net/http/server.go:2039 +0x629
created by net/http.(*Server).Serve in goroutine 1
	C:/Program Files (x86)/Go/src/net/http/server.go:3285 +0x460
2024/04/28 16:25:37 server.go:3413: http: panic serving 127.0.0.1:52949: open app/views/template/layout.html: The system cannot find the path specified.
goroutine 39 [running]:
net/http.(*conn).serve.func1()
	C:/Program Files (x86)/Go/src/net/http/server.go:1898 +0xd4
panic({0x5f9020, 0x1984210})
	C:/Program Files (x86)/Go/src/runtime/panic.go:770 +0xf6
html/template.Must(...)
	C:/Program Files (x86)/Go/src/html/template/template.go:368
Go-todoapp/app/models/controllers.generateHTML({0x6b97dc, 0x19a28c8}, {0x5d2ee0, 0x6b6e90}, {0x1855cf8, 0x2, 0x2})
	C:/Users/Kasshii/Desktop/Go app/Go-todoapp/app/models/controllers/server.go:16 +0x1e4
Go-todoapp/app/models/controllers.top({0x6b97dc, 0x19a28c8}, 0x19a2788)
	C:/Users/Kasshii/Desktop/Go app/Go-todoapp/app/models/controllers/route_main.go:8 +0x9b
net/http.HandlerFunc.ServeHTTP(0x64c6b8, {0x6b97dc, 0x19a28c8}, 0x19a2788)
	C:/Program Files (x86)/Go/src/net/http/server.go:2166 +0x32
net/http.(*ServeMux).ServeHTTP(0x8d1ea0, {0x6b97dc, 0x19a28c8}, 0x19a2788)
	C:/Program Files (x86)/Go/src/net/http/server.go:2683 +0x1f7
net/http.serverHandler.ServeHTTP({0x1900828}, {0x6b97dc, 0x19a28c8}, 0x19a2788)
	C:/Program Files (x86)/Go/src/net/http/server.go:3137 +0x97
net/http.(*conn).serve(0x18f00c0, {0x6b9a90, 0x1860408})
	C:/Program Files (x86)/Go/src/net/http/server.go:2039 +0x629
created by net/http.(*Server).Serve in goroutine 1
	C:/Program Files (x86)/Go/src/net/http/server.go:3285 +0x460
2024/04/28 16:25:37 server.go:3413: http: panic serving 127.0.0.1:52950: open app/views/template/layout.html: The system cannot find the path specified.
goroutine 30 [running]:
net/http.(*conn).serve.func1()
	C:/Program Files (x86)/Go/src/net/http/server.go:1898 +0xd4
panic({0x5f9020, 0x1860588})
	C:/Program Files (x86)/Go/src/runtime/panic.go:770 +0xf6
html/template.Must(...)
	C:/Program Files (x86)/Go/src/html/template/template.go:368
Go-todoapp/app/models/controllers.generateHTML({0x6b97dc, 0x1900d28}, {0x5d2ee0, 0x6b6e90}, {0x1953cf8, 0x2, 0x2})
	C:/Users/Kasshii/Desktop/Go app/Go-todoapp/app/models/controllers/server.go:16 +0x1e4
Go-todoapp/app/models/controllers.top({0x6b97dc, 0x1900d28}, 0x1900c88)
	C:/Users/Kasshii/Desktop/Go app/Go-todoapp/app/models/controllers/route_main.go:8 +0x9b
net/http.HandlerFunc.ServeHTTP(0x64c6b8, {0x6b97dc, 0x1900d28}, 0x1900c88)
	C:/Program Files (x86)/Go/src/net/http/server.go:2166 +0x32
net/http.(*ServeMux).ServeHTTP(0x8d1ea0, {0x6b97dc, 0x1900d28}, 0x1900c88)
	C:/Program Files (x86)/Go/src/net/http/server.go:2683 +0x1f7
net/http.serverHandler.ServeHTTP({0x1900828}, {0x6b97dc, 0x1900d28}, 0x1900c88)
	C:/Program Files (x86)/Go/src/net/http/server.go:3137 +0x97
net/http.(*conn).serve(0x19881e0, {0x6b9a90, 0x1860408})
	C:/Program Files (x86)/Go/src/net/http/server.go:2039 +0x629
created by net/http.(*Server).Serve in goroutine 1
	C:/Program Files (x86)/Go/src/net/http/server.go:3285 +0x460
2024/04/28 16:25:59 server.go:3413: http: panic serving 127.0.0.1:52970: open app/views/template/layout.html: The system cannot find the path specified.
goroutine 12 [running]:
net/http.(*conn).serve.func1()
	C:/Program Files (x86)/Go/src/net/http/server.go:1898 +0xd4
panic({0x5f9020, 0x19842a0})
	C:/Program Files (x86)/Go/src/runtime/panic.go:770 +0xf6
html/template.Must(...)
	C:/Program Files (x86)/Go/src/html/template/template.go:368
Go-todoapp/app/models/controllers.generateHTML({0x6b97dc, 0x19a2aa8}, {0x5d2ee0, 0x6b6e90}, {0x1855cf8, 0x2, 0x2})
	C:/Users/Kasshii/Desktop/Go app/Go-todoapp/app/models/controllers/server.go:16 +0x1e4
Go-todoapp/app/models/controllers.top({0x6b97dc, 0x19a2aa8}, 0x19a2968)
	C:/Users/Kasshii/Desktop/Go app/Go-todoapp/app/models/controllers/route_main.go:8 +0x9b
net/http.HandlerFunc.ServeHTTP(0x64c6b8, {0x6b97dc, 0x19a2aa8}, 0x19a2968)
	C:/Program Files (x86)/Go/src/net/http/server.go:2166 +0x32
net/http.(*ServeMux).ServeHTTP(0x8d1ea0, {0x6b97dc, 0x19a2aa8}, 0x19a2968)
	C:/Program Files (x86)/Go/src/net/http/server.go:2683 +0x1f7
net/http.serverHandler.ServeHTTP({0x1900828}, {0x6b97dc, 0x19a2aa8}, 0x19a2968)
	C:/Program Files (x86)/Go/src/net/http/server.go:3137 +0x97
net/http.(*conn).serve(0x1800cc0, {0x6b9a90, 0x1860408})
	C:/Program Files (x86)/Go/src/net/http/server.go:2039 +0x629
created by net/http.(*Server).Serve in goroutine 1
	C:/Program Files (x86)/Go/src/net/http/server.go:3285 +0x460
2024/04/28 16:25:59 server.go:3413: http: panic serving 127.0.0.1:52971: open app/views/template/layout.html: The system cannot find the path specified.
goroutine 13 [running]:
net/http.(*conn).serve.func1()
	C:/Program Files (x86)/Go/src/net/http/server.go:1898 +0xd4
panic({0x5f9020, 0x19842b8})
	C:/Program Files (x86)/Go/src/runtime/panic.go:770 +0xf6
html/template.Must(...)
	C:/Program Files (x86)/Go/src/html/template/template.go:368
Go-todoapp/app/models/controllers.generateHTML({0x6b97dc, 0x19a2b48}, {0x5d2ee0, 0x6b6e90}, {0x1859cf8, 0x2, 0x2})
	C:/Users/Kasshii/Desktop/Go app/Go-todoapp/app/models/controllers/server.go:16 +0x1e4
Go-todoapp/app/models/controllers.top({0x6b97dc, 0x19a2b48}, 0x19a2a08)
	C:/Users/Kasshii/Desktop/Go app/Go-todoapp/app/models/controllers/route_main.go:8 +0x9b
net/http.HandlerFunc.ServeHTTP(0x64c6b8, {0x6b97dc, 0x19a2b48}, 0x19a2a08)
	C:/Program Files (x86)/Go/src/net/http/server.go:2166 +0x32
net/http.(*ServeMux).ServeHTTP(0x8d1ea0, {0x6b97dc, 0x19a2b48}, 0x19a2a08)
	C:/Program Files (x86)/Go/src/net/http/server.go:2683 +0x1f7
net/http.serverHandler.ServeHTTP({0x1900828}, {0x6b97dc, 0x19a2b48}, 0x19a2a08)
	C:/Program Files (x86)/Go/src/net/http/server.go:3137 +0x97
net/http.(*conn).serve(0x1800d20, {0x6b9a90, 0x1860408})
	C:/Program Files (x86)/Go/src/net/http/server.go:2039 +0x629
created by net/http.(*Server).Serve in goroutine 1
	C:/Program Files (x86)/Go/src/net/http/server.go:3285 +0x460
2024/04/28 16:25:59 server.go:3413: http: panic serving 127.0.0.1:52972: open app/views/template/layout.html: The system cannot find the path specified.
goroutine 14 [running]:
net/http.(*conn).serve.func1()
	C:/Program Files (x86)/Go/src/net/http/server.go:1898 +0xd4
panic({0x5f9020, 0x19842e8})
	C:/Program Files (x86)/Go/src/runtime/panic.go:770 +0xf6
html/template.Must(...)
	C:/Program Files (x86)/Go/src/html/template/template.go:368
Go-todoapp/app/models/controllers.generateHTML({0x6b97dc, 0x19a2c88}, {0x5d2ee0, 0x6b6e90}, {0x1855cf8, 0x2, 0x2})
	C:/Users/Kasshii/Desktop/Go app/Go-todoapp/app/models/controllers/server.go:16 +0x1e4
Go-todoapp/app/models/controllers.top({0x6b97dc, 0x19a2c88}, 0x19a2be8)
	C:/Users/Kasshii/Desktop/Go app/Go-todoapp/app/models/controllers/route_main.go:8 +0x9b
net/http.HandlerFunc.ServeHTTP(0x64c6b8, {0x6b97dc, 0x19a2c88}, 0x19a2be8)
	C:/Program Files (x86)/Go/src/net/http/server.go:2166 +0x32
net/http.(*ServeMux).ServeHTTP(0x8d1ea0, {0x6b97dc, 0x19a2c88}, 0x19a2be8)
	C:/Program Files (x86)/Go/src/net/http/server.go:2683 +0x1f7
net/http.serverHandler.ServeHTTP({0x1900828}, {0x6b97dc, 0x19a2c88}, 0x19a2be8)
	C:/Program Files (x86)/Go/src/net/http/server.go:3137 +0x97
net/http.(*conn).serve(0x1800d80, {0x6b9a90, 0x1860408})
	C:/Program Files (x86)/Go/src/net/http/server.go:2039 +0x629
created by net/http.(*Server).Serve in goroutine 1
	C:/Program Files (x86)/Go/src/net/http/server.go:3285 +0x460
